[INF][03/08/2018 09:17:46] Checking data/cache
[INF][03/08/2018 09:17:46] Using repository: rauenzi and branch: master
[INF][03/08/2018 09:17:46] Getting latest hash
[INF][03/08/2018 09:17:46] Downloading Resource: api.github.com/repos/rauenzi/BetterDiscordApp/commits/master
[INF][03/08/2018 09:17:46] Hooking dom-ready
[INF][03/08/2018 09:17:46] Hash: 4aa7884a34b8d66219f2eb0cea6025a012cf9dc6
[INF][03/08/2018 09:17:46] Getting updater
[INF][03/08/2018 09:17:46] Downloading Resource: raw.githubusercontent.com/rauenzi/BetterDiscordApp/4aa7884a34b8d66219f2eb0cea6025a012cf9dc6/data/updater.json
[INF][03/08/2018 09:17:46] Latest Version: 0.2.83
[INF][03/08/2018 09:17:46] Using CDN: cdn.rawgit.com
[INF][03/08/2018 09:17:46] Updating ext data
[INF][03/08/2018 09:17:49] Hooked dom-ready
[INF][03/08/2018 09:17:49] Loading
[INF][03/08/2018 09:17:49] Hooking ipc async
[INF][03/08/2018 09:17:49] Hooked ipc async
[INF][03/08/2018 09:17:51] Loading Resource (jQuery)
[INF][03/08/2018 09:17:51] Loading theme: ActivityTab
[INF][03/08/2018 09:17:51] Loading theme: Beard_s_Material_theme_for_Discord
[INF][03/08/2018 09:17:51] Loading theme: CitadorFontFix
[INF][03/08/2018 09:17:51] Loading theme: ClearVision_Winter
[INF][03/08/2018 09:17:51] Loading theme: Cyan-Firewatch
[INF][03/08/2018 09:17:51] Loading theme: Font
[INF][03/08/2018 09:17:51] Loading theme: FullSizePfp
[INF][03/08/2018 09:17:51] Loading theme: GlowStatus
[INF][03/08/2018 09:17:51] Loading theme: LFG
[INF][03/08/2018 09:17:51] Loading theme: macTitlebar
[INF][03/08/2018 09:17:51] Loading theme: Minimalistcord
[INF][03/08/2018 09:17:51] Loading theme: nativeTitlebar
[INF][03/08/2018 09:17:51] Loading theme: OceanicBlue
[INF][03/08/2018 09:17:51] Loading theme: revertTitlebar
[INF][03/08/2018 09:17:51] Loading theme: Show-URLs
[INF][03/08/2018 09:17:51] Loading theme: TransientMaterial
[INF][03/08/2018 09:17:51] Loading theme: Transparency
[INF][03/08/2018 09:17:51] Loading theme: Transparent_Glass
[INF][03/08/2018 09:17:51] Loading theme: Twitchcord
[INF][03/08/2018 09:17:51] Loading plugin: ZeresPluginLibrary
[INF][03/08/2018 09:17:51] Loading plugin: p_1lib_discord_internals
[INF][03/08/2018 09:17:51] Loading plugin: AccountDetailsPlus
[INF][03/08/2018 09:17:51] Loading plugin: AutoStartRichPresence
[INF][03/08/2018 09:17:51] Loading plugin: BadgesEverywhere
[INF][03/08/2018 09:17:51] Loading plugin: BDContextMenu
[INF][03/08/2018 09:17:51] Loading plugin: BetterCustomCSS
[INF][03/08/2018 09:17:51] Loading plugin: BetterFormattingRedux
[INF][03/08/2018 09:17:51] Loading plugin: Citador
[INF][03/08/2018 09:17:51] Loading plugin: clockPlugin
[INF][03/08/2018 09:17:51] Loading plugin: CompleteTimestamps
[INF][03/08/2018 09:17:51] Loading plugin: copyCode
[INF][03/08/2018 09:17:51] Loading plugin: CountUnread
[INF][03/08/2018 09:17:51] Loading plugin: CreationDate
[INF][03/08/2018 09:17:51] Loading plugin: dateViewer
[INF][03/08/2018 09:17:51] Loading plugin: dblClickEdit
[INF][03/08/2018 09:17:51] Loading plugin: DeveloperUtils
[INF][03/08/2018 09:17:51] Loading plugin: DiscordCakeDay
[INF][03/08/2018 09:17:51] Loading plugin: discordExperiments
[INF][03/08/2018 09:17:51] Loading plugin: DiscordForRainmeter
[INF][03/08/2018 09:17:51] Loading plugin: DoNotTrack
[INF][03/08/2018 09:17:51] Loading plugin: EmbedAV
[INF][03/08/2018 09:17:51] Loading plugin: enableReactDevtools
[INF][03/08/2018 09:17:51] Loading plugin: FixUnreadChatScroller
[INF][03/08/2018 09:17:51] Loading plugin: FontSelector
[INF][03/08/2018 09:17:51] Loading plugin: p_full_offline_list
[INF][03/08/2018 09:17:51] Loading plugin: HideIconBadge
[INF][03/08/2018 09:17:51] Loading plugin: HideUtils
[INF][03/08/2018 09:17:51] Loading plugin: MoveablePopups
[INF][03/08/2018 09:17:51] Loading plugin: NativeTitlebarPatcher
[INF][03/08/2018 09:17:51] Loading plugin: onlinePlugin
[INF][03/08/2018 09:17:51] Loading plugin: OpenLinksInDiscord
[INF][03/08/2018 09:17:52] Loading plugin: PermissionsViewer
[INF][03/08/2018 09:17:52] Loading plugin: PluginRepo
[INF][03/08/2018 09:17:52] Loading plugin: ReadAllNotificationsButton
[INF][03/08/2018 09:17:52] Loading plugin: RemoveMinimumSize
[INF][03/08/2018 09:17:52] Loading plugin: Replyer
[INF][03/08/2018 09:17:52] Loading plugin: RepoControls
[INF][03/08/2018 09:17:52] Loading plugin: ResizableCSS
[INF][03/08/2018 09:17:52] Loading plugin: restartNoMore
[INF][03/08/2018 09:17:52] Loading plugin: RightClickRoleForID
[INF][03/08/2018 09:17:52] Loading plugin: RoleMembers
[INF][03/08/2018 09:17:52] Loading plugin: SendEmbeds
[INF][03/08/2018 09:17:52] Loading plugin: SendLargeMessages
[INF][03/08/2018 09:17:52] Loading plugin: silentTyping
[INF][03/08/2018 09:17:52] Loading plugin: StalkerNotifications
[INF][03/08/2018 09:17:52] Loading plugin: StatusEverywhere
[INF][03/08/2018 09:17:52] Loading plugin: SteamProfileLink
[INF][03/08/2018 09:17:52] Loading plugin: ThemePreview
[INF][03/08/2018 09:17:52] Loading plugin: ThemeRepo
[INF][03/08/2018 09:17:52] Loading plugin: TransparencyPatcher
[INF][03/08/2018 09:17:52] Loading plugin: TransparencyPatcher
[INF][03/08/2018 09:17:52] Loading plugin: Twitchcord
[INF][03/08/2018 09:17:52] Loading plugin: TwitchStreamPanel
[INF][03/08/2018 09:17:52] Loading plugin: VIPs
[INF][03/08/2018 09:17:54] Loading Resource (jQueryCookie)
[INF][03/08/2018 09:17:55] Loading Resource (Main CSS)
[INF][03/08/2018 09:17:55] Loading Resource (Main JS)
[INF][03/08/2018 09:17:56] Starting Up
